\BOOKMARK [0][-]{section*.1}{\376\377\000V\000e\000r\000i\000f\000i\000c\000a\000t\000i\000o\000n\000\040\000L\000e\000t\000t\000e\000r\000\040\000f\000r\000o\000m\000\040\000t\000h\000e\000\040\000O\000r\000a\000l\000\040\000E\000x\000a\000m\000i\000n\000a\000t\000i\000o\000n\000\040\000C\000o\000m\000m\000i\000t\000t\000e\000e}{}% 1
\BOOKMARK [0][-]{chapter*.2}{\376\377\000A\000c\000k\000n\000o\000w\000l\000e\000d\000g\000e\000m\000e\000n\000t\000s}{}% 2
\BOOKMARK [0][-]{chapter*.3}{\376\377\144\130\211\201}{}% 3
\BOOKMARK [0][-]{chapter*.4}{\376\377\000A\000b\000s\000t\000r\000a\000c\000t}{}% 4
\BOOKMARK [0][-]{section*.5}{\376\377\000C\000o\000n\000t\000e\000n\000t\000s}{}% 5
\BOOKMARK [0][-]{section*.6}{\376\377\000L\000i\000s\000t\000\040\000o\000f\000\040\000F\000i\000g\000u\000r\000e\000s}{}% 6
\BOOKMARK [0][-]{section*.7}{\376\377\000L\000i\000s\000t\000\040\000o\000f\000\040\000T\000a\000b\000l\000e\000s}{}% 7
\BOOKMARK [0][-]{chapter.1}{\376\377\000I\000n\000t\000r\000o\000d\000u\000c\000t\000i\000o\000n}{}% 8
\BOOKMARK [1][-]{section.1.1}{\376\377\000T\000B\000D}{chapter.1}% 9
\BOOKMARK [2][-]{subsection.1.1.1}{\376\377\000B\000l\000a\000h\000,\000\040\000B\000l\000a\000h\000,\000\040\000B\000l\000a\000h\000,\000\040\000B\000l\000a\000h}{section.1.1}% 10
\BOOKMARK [2][-]{subsection.1.1.2}{\376\377\000A\000r\000r\000a\000y\000e\000d\000\040\000w\000a\000v\000e\000g\000u\000i\000d\000e\000\040\000g\000r\000a\000t\000i\000n\000g\000\040\000\050\000A\000W\000G\000\051}{section.1.1}% 11
\BOOKMARK [1][-]{section.1.2}{\376\377\000D\000i\000s\000s\000e\000r\000t\000a\000t\000i\000o\000n\000\040\000c\000o\000n\000f\000i\000g\000u\000r\000a\000t\000i\000o\000n}{chapter.1}% 12
\BOOKMARK [0][-]{chapter.2}{\376\377\000T\000h\000e\000o\000r\000e\000t\000i\000c\000a\000l\000\040\000B\000a\000c\000k\000g\000r\000o\000u\000n\000d}{}% 13
\BOOKMARK [1][-]{section.2.1}{\376\377\000W\000o\000r\000k\000i\000n\000g\000\040\000p\000r\000i\000n\000c\000i\000p\000l\000e\000\040\000o\000f\000\040\000A\000W\000G}{chapter.2}% 14
\BOOKMARK [1][-]{section.2.2}{\376\377\000W\000o\000r\000k\000i\000n\000g\000\040\000p\000r\000i\000n\000c\000i\000p\000l\000e\000\040\000o\000f\000\040\000t\000h\000e\000r\000m\000a\000l\000\040\000t\000u\000n\000i\000n\000g}{chapter.2}% 15
\BOOKMARK [1][-]{section.2.3}{\376\377\000W\000o\000r\000k\000i\000n\000g\000\040\000p\000r\000i\000n\000c\000i\000p\000l\000e\000\040\000o\000f\000\040\000B\000G\000A\000C\000D\000C}{chapter.2}% 16
\BOOKMARK [2][-]{subsection.2.3.1}{\376\377\000C\000o\000u\000p\000l\000e\000d\000-\000m\000o\000d\000e\000\040\000t\000h\000e\000o\000r\000y\000\040\000f\000o\000r\000\040\000p\000e\000r\000m\000i\000t\000t\000i\000v\000i\000t\000y\000\040\000p\000e\000r\000t\000u\000r\000b\000a\000t\000i\000o\000n}{section.2.3}% 17
\BOOKMARK [2][-]{subsection.2.3.2}{\376\377\000T\000r\000a\000n\000s\000f\000e\000r\000\040\000m\000a\000t\000r\000i\000x\000\040\000m\000e\000t\000h\000o\000d}{section.2.3}% 18
\BOOKMARK [1][-]{section.2.4}{\376\377\000S\000i\000m\000u\000l\000a\000t\000i\000o\000n\000\040\000m\000e\000t\000h\000o\000d\000s}{chapter.2}% 19
\BOOKMARK [2][-]{subsection.2.4.1}{\376\377\000B\000e\000a\000m\000\040\000p\000r\000o\000p\000a\000g\000a\000t\000i\000o\000n\000\040\000m\000e\000t\000h\000o\000d\000\040\000\050\000B\000P\000M\000\051}{section.2.4}% 20
\BOOKMARK [2][-]{subsection.2.4.2}{\376\377\000H\000e\000a\000t\000\040\000T\000r\000a\000n\000s\000p\000o\000r\000t\000\040\000\050\000H\000T\000\051\000\040\000s\000o\000l\000v\000e\000r}{section.2.4}% 21
\BOOKMARK [2][-]{subsection.2.4.3}{\376\377\000F\000i\000n\000i\000t\000e\000-\000d\000i\000f\000f\000e\000r\000e\000n\000c\000e\000\040\000e\000i\000g\000e\000n\000m\000o\000d\000e\000\040\000\050\000F\000D\000E\000\051\000\040\000s\000o\000l\000v\000e\000r}{section.2.4}% 22
\BOOKMARK [2][-]{subsection.2.4.4}{\376\377\000F\000i\000n\000i\000t\000e\000-\000d\000i\000f\000f\000e\000r\000e\000n\000c\000e\000\040\000t\000i\000m\000e\000-\000d\000o\000m\000a\000i\000n\000\040\000\050\000F\000D\000T\000D\000\051\000\040\000s\000o\000l\000v\000e\000r}{section.2.4}% 23
\BOOKMARK [0][-]{chapter.3}{\376\377\000T\000h\000e\000r\000m\000a\000l\000l\000y\000\040\000b\000i\000-\000d\000i\000r\000e\000c\000t\000i\000o\000n\000a\000l\000l\000y\000\040\000t\000u\000n\000a\000b\000l\000e\000\040\000\050\000T\000B\000D\000T\000\051\000\040\000A\000W\000G}{}% 24
\BOOKMARK [1][-]{section.3.1}{\376\377\000S\000i\000m\000u\000l\000a\000t\000i\000o\000n\000\040\000f\000o\000r\000\040\000p\000a\000s\000s\000i\000v\000e\000\040\000d\000e\000s\000i\000g\000n}{chapter.3}% 25
\BOOKMARK [1][-]{section.3.2}{\376\377\000S\000i\000m\000u\000l\000a\000t\000i\000o\000n\000\040\000f\000o\000r\000\040\000a\000c\000t\000i\000v\000e\000\040\000d\000e\000s\000i\000g\000n}{chapter.3}% 26
\BOOKMARK [1][-]{section.3.3}{\376\377\000M\000e\000a\000s\000u\000r\000e\000m\000e\000n\000t\000\040\000r\000e\000s\000u\000l\000t\000s}{chapter.3}% 27
\BOOKMARK [1][-]{section.3.4}{\376\377\000D\000i\000s\000c\000u\000s\000s\000i\000o\000n}{chapter.3}% 28
\BOOKMARK [1][-]{section.3.5}{\376\377\000S\000u\000m\000m\000a\000r\000y}{chapter.3}% 29
\BOOKMARK [0][-]{chapter.4}{\376\377\000B\000r\000a\000g\000g\000\040\000g\000r\000a\000t\000i\000n\000g\000-\000a\000s\000s\000i\000s\000t\000e\000d\000\040\000W\000D\000M\000\040\000f\000i\000l\000t\000e\000r}{}% 30
\BOOKMARK [1][-]{section.4.1}{\376\377\000D\000e\000v\000i\000c\000e\000\040\000s\000t\000r\000u\000c\000t\000u\000r\000e\000\040\000a\000n\000d\000\040\000o\000p\000t\000i\000m\000i\000z\000a\000t\000i\000o\000n}{chapter.4}% 31
\BOOKMARK [1][-]{section.4.2}{\376\377\000A\000n\000a\000l\000y\000s\000i\000s\000\040\000o\000f\000\040\000f\000a\000b\000r\000i\000c\000a\000t\000i\000o\000n\000\040\000t\000o\000l\000e\000r\000a\000n\000c\000e}{chapter.4}% 32
\BOOKMARK [1][-]{section.4.3}{\376\377\000S\000u\000m\000m\000a\000r\000y}{chapter.4}% 33
\BOOKMARK [0][-]{chapter.5}{\376\377\000C\000o\000n\000c\000l\000u\000s\000i\000o\000n}{}% 34
\BOOKMARK [1][-]{section.5.1}{\376\377\000S\000u\000m\000m\000a\000r\000y}{chapter.5}% 35
\BOOKMARK [1][-]{section.5.2}{\376\377\000S\000u\000g\000g\000e\000s\000t\000i\000o\000n\000\040\000f\000o\000r\000\040\000f\000u\000t\000u\000r\000e\000\040\000w\000o\000r\000k}{chapter.5}% 36
\BOOKMARK [0][-]{section*.15}{\376\377\000R\000e\000f\000e\000r\000e\000n\000c\000e\000s}{}% 37
\BOOKMARK [0][-]{section*.18}{\376\377\000A\000p\000p\000e\000n\000d\000i\000x\000\040\000A\000\040\040\024\000\040\000P\000h\000a\000s\000e\000\040\000c\000o\000r\000r\000e\000c\000t\000i\000o\000n\000\040\000f\000o\000r\000\040\000R\000S\000o\000f\000t\000\040\000s\000i\000m\000u\000l\000a\000t\000i\000o\000n\000\040\000m\000o\000d\000e\000l}{}% 38
\BOOKMARK [1][-]{section.5.1}{\376\377\000I\000n\000t\000r\000o\000d\000u\000c\000t\000i\000o\000n}{section*.18}% 39
\BOOKMARK [1][-]{section.5.2}{\376\377\000p\000h\000a\000s\000e\000c\000o\000r\000.\000p\000y}{section*.18}% 40
\BOOKMARK [1][-]{section.5.3}{\376\377\000b\000p\000t\000m\000p\0003\000D\000s\000c\000a\000n\000a\000l\000l\000.\000b\000a\000t}{section*.18}% 41
\BOOKMARK [1][-]{section.5.4}{\376\377\000b\000p\000t\000m\000p\0003\000D\000s\000c\000a\000n\0001\000.\000b\000a\000t}{section*.18}% 42
\BOOKMARK [1][-]{section.5.5}{\376\377\000b\000p\000t\000m\000p\0003\000D\000o\000u\000t\0001\000.\000b\000a\000t}{section*.18}% 43
\BOOKMARK [0][-]{section*.20}{\376\377\000A\000p\000p\000e\000n\000d\000i\000x\000\040\000B\000\040\040\024\000\040\000A\000d\000a\000p\000t\000i\000v\000e\000\040\000p\000a\000r\000t\000i\000c\000l\000e\000\040\000s\000w\000a\000r\000m\000\040\000a\000l\000g\000o\000r\000i\000t\000h\000m}{}% 44
\BOOKMARK [1][-]{section.5.1}{\376\377\000I\000n\000t\000r\000o\000d\000u\000c\000t\000i\000o\000n}{section*.20}% 45
\BOOKMARK [1][-]{section.5.2}{\376\377\000A\000P\000S\000O\000\137\000f\000i\000r\000s\000t}{section*.20}% 46
\BOOKMARK [1][-]{section.5.3}{\376\377\000A\000P\000S\000O\000\137\000n\000e\000x\000t}{section*.20}% 47
\BOOKMARK [1][-]{section.5.4}{\376\377\000U\000D\000A\000\137\000f\000o\000m}{section*.20}% 48
\BOOKMARK [0][-]{section*.22}{\376\377\000A\000p\000p\000e\000n\000d\000i\000x\000\040\000C\000\040\040\024\000\040\000A\000u\000t\000o\000m\000a\000t\000e\000d\000\040\000p\000y\000t\000h\000o\000n\000\040\000p\000r\000o\000c\000e\000s\000s\000\040\000f\000l\000o\000w\000\040\000f\000o\000r\000\040\000L\000u\000m\000e\000r\000i\000c\000a\000l\000\040\000o\000p\000t\000i\000m\000i\000z\000a\000t\000i\000o\000n\000\040\000o\000n\000\040\000T\000a\000i\000w\000a\000n\000i\000a\000\040\0003\000\040\000h\000a\000n\000d\000l\000e\000d\000\040\000b\000y\000\040\000l\000o\000c\000a\000l\000\040\000P\000C}{}% 49
\BOOKMARK [1][-]{section.5.1}{\376\377\000I\000n\000t\000r\000o\000d\000u\000c\000t\000i\000o\000n}{section*.22}% 50
\BOOKMARK [1][-]{section.5.2}{\376\377\000T\000B\000D}{section*.22}% 51
